This is pdfTeX, Version 3.141592653-2.6-1.40.28 (TeX Live 2025) (preloaded format=pdflatex 2025.10.20)  4 DEC 2025 11:52
entering extended mode
 restricted \write18 enabled.
 %&-line parsing enabled.
**access.tex
(./access.tex
LaTeX2e <2025-06-01> patch level 1
L3 programming layer <2025-09-02>
(c:/Users/yskim/Project/PIFI_PAPER/styles/ieeeaccess.cls
(c:/Users/yskim/Project/PIFI_PAPER/styles/IEEEtran.cls
Document Class: IEEEtran 2015/08/26 V1.8b by Michael Shell
-- See the "IEEEtran_HOWTO" manual for usage information.
-- http://www.michaelshell.org/tex/ieeetran/
\@IEEEtrantmpdimenA=\dimen148
\@IEEEtrantmpdimenB=\dimen149
\@IEEEtrantmpdimenC=\dimen150
\@IEEEtrantmpcountA=\count275
\@IEEEtrantmpcountB=\count276
\@IEEEtrantmpcountC=\count277
\@IEEEtrantmptoksA=\toks17
LaTeX Font Info:    Trying to load font information for OT1+ptm on input line 5
03.
(c:/texlive/2025/texmf-dist/tex/latex/psnfss/ot1ptm.fd
File: ot1ptm.fd 2001/06/04 font definitions for OT1/ptm.
)
-- Using 8.5in x 11in (letter) paper.
-- Using PDF output.
\@IEEEnormalsizeunitybaselineskip=\dimen151
-- This is a 10 point document.
LaTeX Encoding Info:    Redeclaring text command \textunderscore (encoding ?) o
n input line 937.
\CLASSINFOnormalsizebaselineskip=\dimen152
\CLASSINFOnormalsizeunitybaselineskip=\dimen153
\IEEEnormaljot=\dimen154
LaTeX Font Info:    Font shape `OT1/ptm/bx/n' in size <5> not available
(Font)              Font shape `OT1/ptm/b/n' tried instead on input line 1090.
LaTeX Font Info:    Font shape `OT1/ptm/bx/it' in size <5> not available
(Font)              Font shape `OT1/ptm/b/it' tried instead on input line 1090.

LaTeX Font Info:    Font shape `OT1/ptm/bx/n' in size <7> not available
(Font)              Font shape `OT1/ptm/b/n' tried instead on input line 1090.
LaTeX Font Info:    Font shape `OT1/ptm/bx/it' in size <7> not available
(Font)              Font shape `OT1/ptm/b/it' tried instead on input line 1090.

LaTeX Font Info:    Font shape `OT1/ptm/bx/n' in size <8> not available
(Font)              Font shape `OT1/ptm/b/n' tried instead on input line 1090.
LaTeX Font Info:    Font shape `OT1/ptm/bx/it' in size <8> not available
(Font)              Font shape `OT1/ptm/b/it' tried instead on input line 1090.

LaTeX Font Info:    Font shape `OT1/ptm/bx/n' in size <9> not available
(Font)              Font shape `OT1/ptm/b/n' tried instead on input line 1090.
LaTeX Font Info:    Font shape `OT1/ptm/bx/it' in size <9> not available
(Font)              Font shape `OT1/ptm/b/it' tried instead on input line 1090.

LaTeX Font Info:    Font shape `OT1/ptm/bx/n' in size <10> not available
(Font)              Font shape `OT1/ptm/b/n' tried instead on input line 1090.
LaTeX Font Info:    Font shape `OT1/ptm/bx/it' in size <10> not available
(Font)              Font shape `OT1/ptm/b/it' tried instead on input line 1090.

LaTeX Font Info:    Font shape `OT1/ptm/bx/n' in size <11> not available
(Font)              Font shape `OT1/ptm/b/n' tried instead on input line 1090.
LaTeX Font Info:    Font shape `OT1/ptm/bx/it' in size <11> not available
(Font)              Font shape `OT1/ptm/b/it' tried instead on input line 1090.

LaTeX Font Info:    Font shape `OT1/ptm/bx/n' in size <12> not available
(Font)              Font shape `OT1/ptm/b/n' tried instead on input line 1090.
LaTeX Font Info:    Font shape `OT1/ptm/bx/it' in size <12> not available
(Font)              Font shape `OT1/ptm/b/it' tried instead on input line 1090.

LaTeX Font Info:    Font shape `OT1/ptm/bx/n' in size <17> not available
(Font)              Font shape `OT1/ptm/b/n' tried instead on input line 1090.
LaTeX Font Info:    Font shape `OT1/ptm/bx/it' in size <17> not available
(Font)              Font shape `OT1/ptm/b/it' tried instead on input line 1090.

LaTeX Font Info:    Font shape `OT1/ptm/bx/n' in size <20> not available
(Font)              Font shape `OT1/ptm/b/n' tried instead on input line 1090.
LaTeX Font Info:    Font shape `OT1/ptm/bx/it' in size <20> not available
(Font)              Font shape `OT1/ptm/b/it' tried instead on input line 1090.

LaTeX Font Info:    Font shape `OT1/ptm/bx/n' in size <24> not available
(Font)              Font shape `OT1/ptm/b/n' tried instead on input line 1090.
LaTeX Font Info:    Font shape `OT1/ptm/bx/it' in size <24> not available
(Font)              Font shape `OT1/ptm/b/it' tried instead on input line 1090.

\IEEEquantizedlength=\dimen155
\IEEEquantizedlengthdiff=\dimen156
\IEEEquantizedtextheightdiff=\dimen157
\IEEEilabelindentA=\dimen158
\IEEEilabelindentB=\dimen159
\IEEEilabelindent=\dimen160
\IEEEelabelindent=\dimen161
\IEEEdlabelindent=\dimen162
\IEEElabelindent=\dimen163
\IEEEiednormlabelsep=\dimen164
\IEEEiedmathlabelsep=\dimen165
\IEEEiedtopsep=\skip49
\c@section=\count278
\c@subsection=\count279
\c@subsubsection=\count280
\c@paragraph=\count281
\c@IEEEsubequation=\count282
\abovecaptionskip=\skip50
\belowcaptionskip=\skip51
\c@figure=\count283
\c@table=\count284
\@IEEEeqnnumcols=\count285
\@IEEEeqncolcnt=\count286
\@IEEEsubeqnnumrollback=\count287
\@IEEEquantizeheightA=\dimen166
\@IEEEquantizeheightB=\dimen167
\@IEEEquantizeheightC=\dimen168
\@IEEEquantizeprevdepth=\dimen169
\@IEEEquantizemultiple=\count288
\@IEEEquantizeboxA=\box53
\@IEEEtmpitemindent=\dimen170
\IEEEPARstartletwidth=\dimen171
\c@IEEEbiography=\count289
\@IEEEtranrubishbin=\box54
) (c:/texlive/2025/texmf-dist/tex/generic/iftex/ifpdf.sty
Package: ifpdf 2019/10/25 v3.4 ifpdf legacy package. Use iftex instead.

(c:/texlive/2025/texmf-dist/tex/generic/iftex/iftex.sty
Package: iftex 2024/12/12 v1.0g TeX engine tests
))
(c:/texlive/2025/texmf-dist/tex/latex/xkeyval/xkeyval.sty
Package: xkeyval 2022/06/16 v2.9 package option processing (HA)

(c:/texlive/2025/texmf-dist/tex/generic/xkeyval/xkeyval.tex
(c:/texlive/2025/texmf-dist/tex/generic/xkeyval/xkvutils.tex
\XKV@toks=\toks18
\XKV@tempa@toks=\toks19

(c:/texlive/2025/texmf-dist/tex/generic/xkeyval/keyval.tex))
\XKV@depth=\count290
File: xkeyval.tex 2014/12/03 v2.7a key=value parser (HA)
)){c:/texlive/2025/texmf-var/fonts/map/pdftex/updmap/pdftex.map}{c:/Users/yskim
/Project/PIFI_PAPER/fonts/t1-times.map}{c:/Users/yskim/Project/PIFI_PAPER/fonts
/t1-formata.map}{c:/Users/yskim/Project/PIFI_PAPER/fonts/t1-giovannistd.map}
\@draftversionrule=\dimen172

(c:/texlive/2025/texmf-dist/tex/latex/graphics/color.sty
Package: color 2025/01/14 v1.3e Standard LaTeX Color (DPC)

(c:/texlive/2025/texmf-dist/tex/latex/graphics-cfg/color.cfg
File: color.cfg 2016/01/02 v1.6 sample color configuration
)
Package color Info: Driver file: pdftex.def on input line 149.

(c:/texlive/2025/texmf-dist/tex/latex/graphics-def/pdftex.def
File: pdftex.def 2025/09/29 v1.2d Graphics/color driver for pdftex
)
(c:/texlive/2025/texmf-dist/tex/latex/graphics/mathcolor.ltx))
(c:/Users/yskim/Project/PIFI_PAPER/styles/spotcolor.sty
Package: spotcolor 2006/11/15 v1.2 Package for adding Spot Color support to pdf
LaTeX.

(c:/texlive/2025/texmf-dist/tex/latex/graphics/graphics.sty
Package: graphics 2024/08/06 v1.4g Standard LaTeX Graphics (DPC,SPQR)

(c:/texlive/2025/texmf-dist/tex/latex/graphics/trig.sty
Package: trig 2023/12/02 v1.11 sin cos tan (DPC)
)
(c:/texlive/2025/texmf-dist/tex/latex/graphics-cfg/graphics.cfg
File: graphics.cfg 2016/06/04 v1.11 sample graphics configuration
)
Package graphics Info: Driver file: pdftex.def on input line 106.
)
\thecolorprofile=\count291
\thecolor=\count292
)
\PANTONE=\toks20
Package color Info: Redefining color black on input line 287.
\figbox=\box55
\titlewidth=\skip52
\abstractwidth=\skip53
\c@addrCtr=\count293
\abstractbox=\box56
\indexbox=\box57
\absht=\dimen173
\kwdht=\dimen174
\@tempcntc=\count294
\titlepgskip=\skip54
\maketitlebox=\box58
){c:/Users/yskim/Project/PIFI_PAPER/fonts/t1-formata.map

pdfTeX warning: pdflatex.exe (file c:/Users/yskim/Project/PIFI_PAPER/fonts/t1-f
ormata.map): fontmap entry for `t1-formata-italic' already exists, duplicates i
gnored


pdfTeX warning: pdflatex.exe (file c:/Users/yskim/Project/PIFI_PAPER/fonts/t1-f
ormata.map): fontmap entry for `t1-formata-medium' already exists, duplicates i
gnored


pdfTeX warning: pdflatex.exe (file c:/Users/yskim/Project/PIFI_PAPER/fonts/t1-f
ormata.map): fontmap entry for `t1-formata-mediumitalic' already exists, duplic
ates ignored


pdfTeX warning: pdflatex.exe (file c:/Users/yskim/Project/PIFI_PAPER/fonts/t1-f
ormata.map): fontmap entry for `t1-formata-light' already exists, duplicates ig
nored


pdfTeX warning: pdflatex.exe (file c:/Users/yskim/Project/PIFI_PAPER/fonts/t1-f
ormata.map): fontmap entry for `t1-formata-lightitalic' already exists, duplica
tes ignored


pdfTeX warning: pdflatex.exe (file c:/Users/yskim/Project/PIFI_PAPER/fonts/t1-f
ormata.map): fontmap entry for `t1-formata-bold' already exists, duplicates ign
ored


pdfTeX warning: pdflatex.exe (file c:/Users/yskim/Project/PIFI_PAPER/fonts/t1-f
ormata.map): fontmap entry for `t1-formata-bolditalic' already exists, duplicat
es ignored


pdfTeX warning: pdflatex.exe (file c:/Users/yskim/Project/PIFI_PAPER/fonts/t1-f
ormata.map): fontmap entry for `t1-formata-condmedium' already exists, duplicat
es ignored


pdfTeX warning: pdflatex.exe (file c:/Users/yskim/Project/PIFI_PAPER/fonts/t1-f
ormata.map): fontmap entry for `t1-formata-condmediumital' already exists, dupl
icates ignored


pdfTeX warning: pdflatex.exe (file c:/Users/yskim/Project/PIFI_PAPER/fonts/t1-f
ormata.map): fontmap entry for `t1-formata-regular' already exists, duplicates 
ignored


pdfTeX warning: pdflatex.exe (file c:/Users/yskim/Project/PIFI_PAPER/fonts/t1-f
ormata.map): fontmap entry for `t1-formata-regsymb' already exists, duplicates 
ignored
}{c:/Users/yskim/Project/PIFI_PAPER/fonts/t1-giovannistd.map

pdfTeX warning: pdflatex.exe (file c:/Users/yskim/Project/PIFI_PAPER/fonts/t1-g
iovannistd.map): fontmap entry for `t1-giovannistd-bookitalic' already exists, 
duplicates ignored
}{c:/Users/yskim/Project/PIFI_PAPER/fonts/t1-helvetica.map}{c:/Users/yskim/Proj
ect/PIFI_PAPER/fonts/t1-times.map

pdfTeX warning: pdflatex.exe (file c:/Users/yskim/Project/PIFI_PAPER/fonts/t1-t
imes.map): fontmap entry for `t1-times' already exists, duplicates ignored


pdfTeX warning: pdflatex.exe (file c:/Users/yskim/Project/PIFI_PAPER/fonts/t1-t
imes.map): fontmap entry for `t1-times-italic' already exists, duplicates ignor
ed


pdfTeX warning: pdflatex.exe (file c:/Users/yskim/Project/PIFI_PAPER/fonts/t1-t
imes.map): fontmap entry for `t1-times-bold' already exists, duplicates ignored



pdfTeX warning: pdflatex.exe (file c:/Users/yskim/Project/PIFI_PAPER/fonts/t1-t
imes.map): fontmap entry for `t1-times-bolditalic' already exists, duplicates i
gnored
} (c:/texlive/2025/texmf-dist/tex/latex/cite/cite.sty
LaTeX Info: Redefining \cite on input line 302.
LaTeX Info: Redefining \nocite on input line 332.
Package: cite 2015/02/27  v 5.5
)
(c:/texlive/2025/texmf-dist/tex/latex/amsmath/amsmath.sty
Package: amsmath 2025/06/16 v2.17y AMS math features
\@mathmargin=\skip55

For additional information on amsmath, use the `?' option.
(c:/texlive/2025/texmf-dist/tex/latex/amsmath/amstext.sty
Package: amstext 2024/11/17 v2.01 AMS text

(c:/texlive/2025/texmf-dist/tex/latex/amsmath/amsgen.sty
File: amsgen.sty 1999/11/30 v2.0 generic functions
\@emptytoks=\toks21
\ex@=\dimen175
))
(c:/texlive/2025/texmf-dist/tex/latex/amsmath/amsbsy.sty
Package: amsbsy 1999/11/29 v1.2d Bold Symbols
\pmbraise@=\dimen176
)
(c:/texlive/2025/texmf-dist/tex/latex/amsmath/amsopn.sty
Package: amsopn 2022/04/08 v2.04 operator names
)
\inf@bad=\count295
LaTeX Info: Redefining \frac on input line 233.
\uproot@=\count296
\leftroot@=\count297
LaTeX Info: Redefining \overline on input line 398.
LaTeX Info: Redefining \colon on input line 409.
\classnum@=\count298
\DOTSCASE@=\count299
LaTeX Info: Redefining \ldots on input line 495.
LaTeX Info: Redefining \dots on input line 498.
LaTeX Info: Redefining \cdots on input line 619.
\Mathstrutbox@=\box59
\strutbox@=\box60
LaTeX Info: Redefining \big on input line 721.
LaTeX Info: Redefining \Big on input line 722.
LaTeX Info: Redefining \bigg on input line 723.
LaTeX Info: Redefining \Bigg on input line 724.
\big@size=\dimen177
LaTeX Font Info:    Redeclaring font encoding OML on input line 742.
LaTeX Font Info:    Redeclaring font encoding OMS on input line 743.
\macc@depth=\count300
LaTeX Info: Redefining \bmod on input line 904.
LaTeX Info: Redefining \pmod on input line 909.
LaTeX Info: Redefining \smash on input line 939.
LaTeX Info: Redefining \relbar on input line 969.
LaTeX Info: Redefining \Relbar on input line 970.
\c@MaxMatrixCols=\count301
\dotsspace@=\muskip17
\c@parentequation=\count302
\dspbrk@lvl=\count303
\tag@help=\toks22
\row@=\count304
\column@=\count305
\maxfields@=\count306
\andhelp@=\toks23
\eqnshift@=\dimen178
\alignsep@=\dimen179
\tagshift@=\dimen180
\tagwidth@=\dimen181
\totwidth@=\dimen182
\lineht@=\dimen183
\@envbody=\toks24
\multlinegap=\skip56
\multlinetaggap=\skip57
\mathdisplay@stack=\toks25
LaTeX Info: Redefining \[ on input line 2949.
LaTeX Info: Redefining \] on input line 2950.
)
(c:/texlive/2025/texmf-dist/tex/latex/amsfonts/amssymb.sty
Package: amssymb 2013/01/14 v3.01 AMS font symbols

(c:/texlive/2025/texmf-dist/tex/latex/amsfonts/amsfonts.sty
Package: amsfonts 2013/01/14 v3.01 Basic AMSFonts support
\symAMSa=\mathgroup4
\symAMSb=\mathgroup5
LaTeX Font Info:    Redeclaring math symbol \hbar on input line 98.
LaTeX Font Info:    Overwriting math alphabet `\mathfrak' in version `bold'
(Font)                  U/euf/m/n --> U/euf/b/n on input line 106.
))
(c:/texlive/2025/texmf-dist/tex/latex/algorithms/algorithmic.sty
Package: algorithmic 2009/08/24 v0.1 Document Style `algorithmic'

(c:/texlive/2025/texmf-dist/tex/latex/base/ifthen.sty
Package: ifthen 2024/03/16 v1.1e Standard LaTeX ifthen package (DPC)
)
\c@ALC@unique=\count307
\c@ALC@line=\count308
\c@ALC@rem=\count309
\c@ALC@depth=\count310
\ALC@tlm=\skip58
\algorithmicindent=\skip59
)
(c:/texlive/2025/texmf-dist/tex/latex/graphics/graphicx.sty
Package: graphicx 2024/12/31 v1.2e Enhanced LaTeX Graphics (DPC,SPQR)
\Gin@req@height=\dimen184
\Gin@req@width=\dimen185
)
(c:/texlive/2025/texmf-dist/tex/latex/base/textcomp.sty
Package: textcomp 2024/04/24 v2.1b Standard LaTeX package
)
(c:/texlive/2025/texmf-dist/tex/latex/cjk-ko/kotex.sty
Package: kotex 2015/04/19 v1.6 Korean TeX (ko.TeX)

(c:/texlive/2025/texmf-dist/tex/latex/kotex-utf/kotex.cfg)
(c:/texlive/2025/texmf-dist/tex/latex/kotex-utf/kotexutf.sty
Package: kotexutf 2022/06/22 v3.0.0 typesetting UTF-8 Korean documents

(c:/texlive/2025/texmf-dist/tex/latex/base/inputenc.sty
Package: inputenc 2024/02/08 v1.3d Input encoding file
\inpenc@prehook=\toks26
\inpenc@posthook=\toks27
)
(c:/texlive/2025/texmf-dist/tex/plain/kotex-plain/kotexutf-core.tex
\unih@ngulpoint=\count311
\dhucs@emph@raise=\dimen186
)
Now handling font encoding LUC ...
... processing UTF-8 mapping file for font encoding LUC

(c:/texlive/2025/texmf-dist/tex/latex/kotex-utf/lucenc.dfu
File: lucenc.dfu 2007/09/05 UTF-8 support for dhucs
   defining Unicode char U+00B7 (decimal 183)
   defining Unicode char U+2018 (decimal 8216)
   defining Unicode char U+2019 (decimal 8217)
   defining Unicode char U+201C (decimal 8220)
   defining Unicode char U+201D (decimal 8221)
   defining Unicode char U+3001 (decimal 12289)
   defining Unicode char U+3002 (decimal 12290)
   defining Unicode char U+3008 (decimal 12296)
   defining Unicode char U+3009 (decimal 12297)
   defining Unicode char U+300A (decimal 12298)
   defining Unicode char U+300B (decimal 12299)
   defining Unicode char U+300C (decimal 12300)
   defining Unicode char U+300D (decimal 12301)
   defining Unicode char U+300E (decimal 12302)
   defining Unicode char U+300F (decimal 12303)
   defining Unicode char U+3010 (decimal 12304)
   defining Unicode char U+3011 (decimal 12305)
   defining Unicode char U+3014 (decimal 12308)
   defining Unicode char U+3015 (decimal 12309)
   defining Unicode char U+3016 (decimal 12310)
   defining Unicode char U+3017 (decimal 12311)
   defining Unicode char U+3018 (decimal 12312)
   defining Unicode char U+3019 (decimal 12313)
   defining Unicode char U+301A (decimal 12314)
   defining Unicode char U+301B (decimal 12315)
   defining Unicode char U+FF01 (decimal 65281)
   defining Unicode char U+FF08 (decimal 65288)
   defining Unicode char U+FF09 (decimal 65289)
   defining Unicode char U+FF0C (decimal 65292)
   defining Unicode char U+FF0E (decimal 65294)
   defining Unicode char U+FF1A (decimal 65306)
   defining Unicode char U+FF1B (decimal 65307)
   defining Unicode char U+FF1C (decimal 65308)
   defining Unicode char U+FF1D (decimal 65309)
   defining Unicode char U+FF1E (decimal 65310)
   defining Unicode char U+FF1F (decimal 65311)
   defining Unicode char U+FF3B (decimal 65339)
   defining Unicode char U+FF3D (decimal 65341)
   defining Unicode char U+FF5B (decimal 65371)
   defining Unicode char U+FF5D (decimal 65373)
   defining Unicode char U+FF61 (decimal 65377)
   defining Unicode char U+FF62 (decimal 65378)
   defining Unicode char U+FF63 (decimal 65379)
   defining Unicode char U+FF64 (decimal 65380)
   defining Unicode char U+FF65 (decimal 65381)
)
\@josa=\count312
\josatoks=\toks28

(c:/texlive/2025/texmf-dist/tex/latex/cjk-ko/kolabels-utf.sty
Package: kolabels-utf 2015/03/20 v1.5 UTF-8 Hangul item labels
)))
(c:/texlive/2025/texmf-dist/tex/latex/tools/bm.sty
Package: bm 2023/12/19 v1.2f Bold Symbol Support (DPC/FMi)
\symboldoperators=\mathgroup6
\symboldletters=\mathgroup7
\symboldsymbols=\mathgroup8
Package bm Info: No bold for \OMX/cmex/m/n, using \pmb.
Package bm Info: No bold for \U/msa/m/n, using \pmb.
Package bm Info: No bold for \U/msb/m/n, using \pmb.
LaTeX Font Info:    Redeclaring math alphabet \mathbf on input line 149.
)
(c:/texlive/2025/texmf-dist/tex/latex/l3backend/l3backend-pdftex.def
File: l3backend-pdftex.def 2025-06-09 L3 backend support: PDF output (pdfTeX)
\l__color_backend_stack_int=\count313
)
(./access.aux)
\openout1 = `access.aux'.

LaTeX Font Info:    Checking defaults for OML/cmm/m/it on input line 31.
LaTeX Font Info:    ... okay on input line 31.
LaTeX Font Info:    Checking defaults for OMS/cmsy/m/n on input line 31.
LaTeX Font Info:    ... okay on input line 31.
LaTeX Font Info:    Checking defaults for OT1/cmr/m/n on input line 31.
LaTeX Font Info:    ... okay on input line 31.
LaTeX Font Info:    Checking defaults for T1/cmr/m/n on input line 31.
LaTeX Font Info:    ... okay on input line 31.
LaTeX Font Info:    Checking defaults for TS1/cmr/m/n on input line 31.
LaTeX Font Info:    ... okay on input line 31.
LaTeX Font Info:    Checking defaults for OMX/cmex/m/n on input line 31.
LaTeX Font Info:    ... okay on input line 31.
LaTeX Font Info:    Checking defaults for U/cmr/m/n on input line 31.
LaTeX Font Info:    ... okay on input line 31.
LaTeX Font Info:    Checking defaults for LUC/nanummj/m/n on input line 31.
LaTeX Font Info:    Trying to load font information for LUC+nanummj on input li
ne 31.
 (c:/texlive/2025/texmf-dist/tex/latex/nanumtype1/lucnanummj.fd
File: lucnanummj.fd 2013/02/12 v0.1 Nanum Myeongjo font definitions
)
LaTeX Font Info:    ... okay on input line 31.

-- Lines per column: 56 (exact).
\symNewLetters=\mathgroup9
\symxsymbols=\mathgroup10
LaTeX Font Info:    Redeclaring math symbol \ddagger on input line 31.
LaTeX Font Info:    Redeclaring math symbol \dagger on input line 31.
\c@mv@regular=\count314
LaTeX Font Info:    Encoding `OT1' has changed to `T1' for symbol font
(Font)              `operators' in the math version `regular' on input line 31.

LaTeX Font Info:    Overwriting symbol font `operators' in version `regular'
(Font)                  OT1/cmr/m/n --> T1/formata/n/n on input line 31.
LaTeX Font Info:    Overwriting symbol font `NewLetters' in version `regular'
(Font)                  T1/times/n/it --> T1/formata/n/it on input line 31.
LaTeX Font Info:    Overwriting math alphabet `\mathrm' in version `regular'
(Font)                  T1/formata/n/n --> T1/formata/n/n on input line 31.
LaTeX Font Info:    Overwriting math alphabet `\mathit' in version `regular'
(Font)                  OT1/cmr/m/it --> T1/formata/n/it on input line 31.
LaTeX Font Info:    Overwriting math alphabet `\mathbf' in version `regular'
(Font)                  OT1/cmr/bx/n --> T1/formata/m/n on input line 31.
LaTeX Font Info:    Overwriting math alphabet `\mathtt' in version `regular'
(Font)                  OT1/cmtt/m/n --> OT1/pcr/m/n on input line 31.
\c@mv@medium=\count315
LaTeX Font Info:    Encoding `OT1' has changed to `T1' for symbol font
(Font)              `operators' in the math version `medium' on input line 31.
LaTeX Font Info:    Overwriting symbol font `operators' in version `medium'
(Font)                  OT1/cmr/m/n --> T1/formata/m/n on input line 31.
LaTeX Font Info:    Overwriting symbol font `NewLetters' in version `medium'
(Font)                  T1/times/n/it --> T1/formata/m/it on input line 31.
LaTeX Font Info:    Overwriting math alphabet `\mathrm' in version `medium'
(Font)                  > T1/formata/m/n on input line 31.
LaTeX Font Info:    Overwriting math alphabet `\mathit' in version `medium'
(Font)                  OT1/cmr/m/it --> T1/formata/m/it on input line 31.
LaTeX Font Info:    Overwriting math alphabet `\mathbf' in version `medium'
(Font)                  > T1/formata/b/n on input line 31.
LaTeX Font Info:    Overwriting math alphabet `\mathtt' in version `medium'
(Font)                  OT1/cmtt/m/n --> OT1/pcr/b/n on input line 31.
\c@mv@black=\count316
LaTeX Font Info:    Encoding `OT1' has changed to `T1' for symbol font
(Font)              `operators' in the math version `black' on input line 31.
LaTeX Font Info:    Overwriting symbol font `operators' in version `black'
(Font)                  OT1/cmr/m/n --> T1/formata/b/n on input line 31.
LaTeX Font Info:    Overwriting symbol font `NewLetters' in version `black'
(Font)                  T1/times/n/it --> T1/formata/b/it on input line 31.
LaTeX Font Info:    Overwriting math alphabet `\mathrm' in version `black'
(Font)                  > T1/formata/b/n on input line 31.
LaTeX Font Info:    Overwriting math alphabet `\mathit' in version `black'
(Font)                  OT1/cmr/m/it --> T1/formata/b/it on input line 31.
LaTeX Font Info:    Overwriting math alphabet `\mathbf' in version `black'
(Font)                  > T1/formata/b/n on input line 31.
LaTeX Font Info:    Overwriting math alphabet `\mathtt' in version `black'
(Font)                  OT1/cmtt/m/n --> OT1/pcr/b/n on input line 31.
LaTeX Font Info:    Trying to load font information for T1+ptm on input line 31
.
(c:/texlive/2025/texmf-dist/tex/latex/psnfss/t1ptm.fd
File: t1ptm.fd 2001/06/04 font definitions for T1/ptm.
)
LaTeX Font Info:    Trying to load font information for T1+times on input line 
31.

(c:/Users/yskim/Project/PIFI_PAPER/fonts/t1times.fd)
(c:/texlive/2025/texmf-dist/tex/context/base/mkii/supp-pdf.mkii
[Loading MPS to PDF converter (version 2006.09.02).]
\scratchcounter=\count317
\scratchdimen=\dimen187
\scratchbox=\box61
\nofMPsegments=\count318
\nofMParguments=\count319
\everyMPshowfont=\toks29
\MPscratchCnt=\count320
\MPscratchDim=\dimen188
\MPnumerator=\count321
\makeMPintoPDFobject=\count322
\everyMPtoPDFconversion=\toks30
) (c:/texlive/2025/texmf-dist/tex/latex/epstopdf-pkg/epstopdf-base.sty
Package: epstopdf-base 2020-01-24 v2.11 Base part for package epstopdf
Package epstopdf-base Info: Redefining graphics rule for `.eps' on input line 4
85.

(c:/texlive/2025/texmf-dist/tex/latex/latexconfig/epstopdf-sys.cfg
File: epstopdf-sys.cfg 2010/07/13 v1.3 Configuration of (r)epstopdf for TeX Liv
e
))
LaTeX Font Info:    Redeclaring math version `bold' on input line 31.
LaTeX Font Info:    Encoding `OT1' has changed to `T1' for symbol font
(Font)              `operators' in the math version `bold' on input line 31.
LaTeX Font Info:    Overwriting symbol font `operators' in version `bold'
(Font)                  OT1/cmr/m/n --> T1/times/b/n on input line 31.
LaTeX Font Info:    Overwriting symbol font `NewLetters' in version `bold'
(Font)                  T1/times/n/it --> T1/times/b/it on input line 31.
LaTeX Font Info:    Overwriting math alphabet `\mathrm' in version `bold'
(Font)                  > T1/times/b/n on input line 31.
LaTeX Font Info:    Overwriting math alphabet `\mathit' in version `bold'
(Font)                  OT1/cmr/m/it --> T1/times/b/it on input line 31.
LaTeX Font Info:    Overwriting math alphabet `\mathbf' in version `bold'
(Font)                  > T1/times/b/n on input line 31.
LaTeX Font Info:    Overwriting math alphabet `\mathtt' in version `bold'
(Font)                  OT1/cmtt/m/n --> OT1/pcr/b/n on input line 31.
LaTeX Font Info:    Overwriting symbol font `symbols' in version `bold'
(Font)                  OMS/cmsy/m/n --> OMS/cmsy/b/n on input line 31.
<figures/bullet.png, id=3, 12.045pt x 35.38219pt>
File: figures/bullet.png Graphic file (type png)
<use figures/bullet.png>
Package pdftex.def Info: figures/bullet.png  used on input line 56.
(pdftex.def)             Requested size: 5.0pt x 14.6871pt.
File: figures/bullet.png Graphic file (type png)
<use figures/bullet.png>
Package pdftex.def Info: figures/bullet.png  used on input line 60.
(pdftex.def)             Requested size: 5.0pt x 14.6871pt.
LaTeX Font Info:    Trying to load font information for U+msa on input line 66.


(c:/texlive/2025/texmf-dist/tex/latex/amsfonts/umsa.fd
File: umsa.fd 2013/01/14 v3.01 AMS symbols A
)
LaTeX Font Info:    Trying to load font information for U+msb on input line 66.


(c:/texlive/2025/texmf-dist/tex/latex/amsfonts/umsb.fd
File: umsb.fd 2013/01/14 v3.01 AMS symbols B
)
LaTeX Font Info:    Calculating math sizes for size <9.9> on input line 66.
LaTeX Font Info:    Calculating math sizes for size <6.6> on input line 66.

Overfull \hbox (9.2679pt too wide) in paragraph at lines 66--66
[]  
 []


Overfull \hbox (9.2679pt too wide) in paragraph at lines 66--66
[]  
 []

(./sections/01_introduction.tex

LaTeX Font Warning: Font shape `LUC/nanummj/n/n' undefined
(Font)              using `LUC/nanummj/m/n' instead on input line 3.


Underfull \hbox (badness 10000) in paragraph at lines 3--8
[]\LUC/nanummj/n/n/10/bb 8\LUC/nanummj/n/n/10/c1 ^^\\LUC/nanummj/n/n/10/b2 î \T
1/times/n/n/10 L[]T[]X \LUC/nanummj/n/n/10/d1 \\LUC/nanummj/n/n/10/d5 ^^L\LUC/n
anummj/n/n/10/b9 ø\LUC/nanummj/n/n/10/c7 Ö\LUC/nanummj/n/n/10/b2 »‰\T1/times/n/
n/10 . \LUC/nanummj/n/n/10/c7 t \LUC/nanummj/n/n/10/bb 8\LUC/nanummj/n/n/10/c1 
^^\\LUC/nanummj/n/n/10/c7 X \LUC/nanummj/n/n/10/b1 |\LUC/nanummj/n/n/10/bb 8 \L
UC/nanummj/n/n/10/b6 ^^P
 []


Underfull \hbox (badness 10000) in paragraph at lines 3--8
\LUC/nanummj/n/n/10/b2 î \T1/times/n/n/10 PDF \LUC/nanummj/n/n/10/bc Ñ\LUC/nanu
mmj/n/n/10/c8 ^^D\LUC/nanummj/n/n/10/c7 D }\LUC/nanummj/n/n/10/ac ‡ \LUC/nanumm
j/n/n/10/c7 à\LUC/nanummj/n/n/10/b2 ‰\LUC/nanummj/n/n/10/ba t\T1/times/n/n/10 ,
 IEEE \LUC/nanummj/n/n/10/c6 ˘\LUC/nanummj/n/n/10/c0 ¨\LUC/nanummj/n/n/10/c7 t\
LUC/nanummj/n/n/10/d2 ∏\LUC/nanummj/n/n/10/c7 X
 []


Underfull \hbox (badness 10000) in paragraph at lines 3--8
[]$
 []


Underfull \hbox (badness 10000) in paragraph at lines 3--8
[]$\LUC/nanummj/n/n/10/c5 –\LUC/nanummj/n/n/10/c1 ^^\ \LUC/nanummj/n/n/10/c6 –\
LUC/nanummj/n/n/10/d5 X\LUC/nanummj/n/n/10/b2 î \LUC/nanummj/n/n/10/cd ú\LUC/na
nummj/n/n/10/d3 ^^P\LUC/nanummj/n/n/10/bb <\LUC/nanummj/n/n/10/c7 X \T1/times/n
/n/10 La-TeX \LUC/nanummj/n/n/10/d1 \\LUC/nanummj/n/n/10/d5 ^^L
 []


Underfull \hbox (badness 10000) in paragraph at lines 3--8
\LUC/nanummj/n/n/10/b9 ø \LUC/nanummj/n/n/10/b6 ^^P\LUC/nanummj/n/n/10/b2 î \T1
/times/n/n/10 MS Word \LUC/nanummj/n/n/10/d1 \\LUC/nanummj/n/n/10/d5 ^^L\LUC/na
nummj/n/n/10/b9 ø\LUC/nanummj/n/n/10/c7 D \LUC/nanummj/n/n/10/b2 ‰\LUC/nanummj/
n/n/10/c6 ¥\LUC/nanummj/n/n/10/b8 \\LUC/nanummj/n/n/10/b4 ‹\LUC/nanummj/n/n/10/
d5 X\LUC/nanummj/n/n/10/c5 Ï \LUC/nanummj/n/n/10/c6 –\LUC/nanummj/n/n/10/ac ‡\L
UC/nanummj/n/n/10/b9 |
 []


Underfull \hbox (badness 10000) in paragraph at lines 3--8
\LUC/nanummj/n/n/10/c9 ^^@\LUC/nanummj/n/n/10/be D\LUC/nanummj/n/n/10/d5 X\LUC/
nanummj/n/n/10/b2 î \LUC/nanummj/n/n/10/b3 p \LUC/nanummj/n/n/10/c0 ¨\LUC/nanum
mj/n/n/10/c6 ©\LUC/nanummj/n/n/10/d5 X\LUC/nanummj/n/n/10/c2 Ì‹\LUC/nanummj/n/n
/10/c6 $\T1/times/n/n/10 . La-TeX \LUC/nanummj/n/n/10/c0 ¨\LUC/nanummj/n/n/10/c
6 ©\LUC/nanummj/n/n/10/c7 D \LUC/nanummj/n/n/10/c1  \LUC/nanummj/n/n/10/d6 8\LU
C/nanummj/n/n/10/d5 X\LUC/nanummj/n/n/10/b2 î
 []


Underfull \hbox (badness 10000) in paragraph at lines 3--8
\LUC/nanummj/n/n/10/ac Ω\LUC/nanummj/n/n/10/c6 ∞\T1/times/n/n/10 , \LUC/nanummj
/n/n/10/b3 Ÿ\LUC/nanummj/n/n/10/c7 |\LUC/nanummj/n/n/10/d5 \ \LUC/nanummj/n/n/1
0/c6 ˘ \LUC/nanummj/n/n/10/d3 ò\LUC/nanummj/n/n/10/c7 t\LUC/nanummj/n/n/10/c9 ¿
\LUC/nanummj/n/n/10/c5 –\LUC/nanummj/n/n/10/c1 ^^\ \T1/times/n/n/10 IEEE\LUC/na
nummj/n/n/10/c7 X \T1/times/n/n/10 La-TeX \LUC/nanummj/n/n/10/c2 §\LUC/nanummj/
n/n/10/d0 ¿\LUC/nanummj/n/n/10/c7 |
 []


Underfull \hbox (badness 10000) in paragraph at lines 3--8
\LUC/nanummj/n/n/10/bc ^^O \LUC/nanummj/n/n/10/c0 ÿ\LUC/nanummj/n/n/10/d5 ^^L \
LUC/nanummj/n/n/10/d3 ^^L\LUC/nanummj/n/n/10/c7 |D \LUC/nanummj/n/n/10/b2 ‰\LUC
/nanummj/n/n/10/c6 ¥\LUC/nanummj/n/n/10/b8 \\LUC/nanummj/n/n/10/b4 ‹\LUC/nanumm
j/n/n/10/d5 X\LUC/nanummj/n/n/10/c2 Ì‹\LUC/nanummj/n/n/10/c6 $\T1/times/n/n/10 
. \LUC/nanummj/n/n/10/b6 ^^P\LUC/nanummj/n/n/10/d5 \ \LUC/nanummj/n/n/10/b2 ‰\L
UC/nanummj/n/n/10/c7 L \LUC/nanummj/n/n/10/b9 ¡\LUC/nanummj/n/n/10/d0 l
 []


Underfull \hbox (badness 5504) in paragraph at lines 3--8
\LUC/nanummj/n/n/10/c5 –\LUC/nanummj/n/n/10/c1 ^^\ \T1/times/n/n/10 Over-leaf \
LUC/nanummj/n/n/10/d3 ∏\LUC/nanummj/n/n/10/c9 —\LUC/nanummj/n/n/10/ae 0 \LUC/na
nummj/n/n/10/c0 ¨\LUC/nanummj/n/n/10/c6 ©\LUC/nanummj/n/n/10/c7 D \LUC/nanummj/
n/n/10/c0 ¥\LUC/nanummj/n/n/10/d3 ¥\LUC/nanummj/n/n/10/bc ¸ \LUC/nanummj/n/n/10
/c2 ^^X\LUC/nanummj/n/n/10/b3 ƒ \LUC/nanummj/n/n/10/c7 à\LUC/nanummj/n/n/10/c2 
µ\LUC/nanummj/n/n/10/b2 »‰\T1/times/n/n/10 :
 []


Underfull \hbox (badness 10000) in paragraph at lines 3--8
[]$
 []


Underfull \hbox (badness 10000) in paragraph at lines 3--8
[]$
 []




Underfull \hbox (badness 2302) in paragraph at lines 17--18
\LUC/nanummj/n/n/10/c7 Ö\LUC/nanummj/n/n/10/b2 »‰\T1/times/n/n/10 . ``cc'' \LUC
/nanummj/n/n/10/b3 ^^@\LUC/nanummj/n/n/10/c2 ‡ \T1/times/n/n/10 ``cm$[]$''\LUC/
nanummj/n/n/10/b9 | \LUC/nanummj/n/n/10/c0 ¨\LUC/nanummj/n/n/10/c6 ©\LUC/nanumm
j/n/n/10/d5 i\LUC/nanummj/n/n/10/b2 »‰\T1/times/n/n/10 . \LUC/nanummj/n/n/10/c0
 ÿ\LUC/nanummj/n/n/10/d5 ^^L \LUC/nanummj/n/n/10/ce X\LUC/nanummj/n/n/10/c2 ^^X
\LUC/nanummj/n/n/10/b2 î
 []


Underfull \vbox (badness 1990) has occurred while \output is active []



<figures/logo.png, id=4, 206.27063pt x 53.44969pt>
File: figures/logo.png Graphic file (type png)
<use figures/logo.png>
Package pdftex.def Info: figures/logo.png  used on input line 27.
(pdftex.def)             Requested size: 91.32pt x 23.66309pt.

Overfull \hbox (505.12177pt too wide) has occurred while \output is active
[]
 []


Overfull \hbox (505.12177pt too wide) has occurred while \output is active
[]
 []


Overfull \hbox (505.12177pt too wide) has occurred while \output is active
[]
 []


Underfull \hbox (badness 10000) has occurred while \output is active
[]
 []

[1


 <./figures/logo.png> <./figures/bullet.png>]
<figures/equation3.png, id=61, 465.23813pt x 69.25874pt>
File: figures/equation3.png Graphic file (type png)
<use figures/equation3.png>
Package pdftex.def Info: figures/equation3.png  used on input line 34.
(pdftex.def)             Requested size: 241.92522pt x 36.01474pt.

Overfull \hbox (2.25166pt too wide) in paragraph at lines 34--35
[]$ $[] 
 []

LaTeX Font Info:    Trying to load font information for T1+pcr on input line 40
.
(c:/texlive/2025/texmf-dist/tex/latex/psnfss/t1pcr.fd
File: t1pcr.fd 2001/06/04 font definitions for T1/pcr.
)
Overfull \hbox (11.39194pt too wide) in paragraph at lines 40--41
\T1/times/n/n/10 ``\LUC/nanummj/n/n/10/d5 X\LUC/nanummj/n/n/10/b4 ‹\T1/times/n/
n/10 '' \LUC/nanummj/n/n/10/cc 8\LUC/nanummj/n/n/10/c8 p\T1/times/n/n/10 (\LUC/
nanummj/n/n/10/c6 ^^H\T1/times/n/n/10 : [][]\T1/pcr/m/n/10 (1)[]\T1/times/n/n/1
0 ) \LUC/nanummj/n/n/10/b3 ^^@\LUC/nanummj/n/n/10/c2 ‡ \T1/times/n/n/10 ``\LUC/
nanummj/n/n/10/c1 å\LUC/nanummj/n/n/10/d5 ^^D\LUC/nanummj/n/n/10/d2 ∏\T1/times/
n/n/10 '' \LUC/nanummj/n/n/10/cc 8\LUC/nanummj/n/n/10/c8 p\T1/times/n/n/10 (\LU
C/nanummj/n/n/10/c6 ^^H\T1/times/n/n/10 : [][]\T1/pcr/m/n/10 \eqref{Eq}[]\T1/ti
mes/n/n/10 )
 []


Underfull \hbox (badness 1418) in paragraph at lines 42--43
[][][]\T1/pcr/m/n/10 {eqnarray} []\LUC/nanummj/n/n/10/bc )\LUC/nanummj/n/n/10/c
8 ^^U\LUC/nanummj/n/n/10/c2 › \LUC/nanummj/n/n/10/d6 X\LUC/nanummj/n/n/10/ac Ω\
LUC/nanummj/n/n/10/c7 D \LUC/nanummj/n/n/10/c0 ¨\LUC/nanummj/n/n/10/c6 ©\LUC/na
nummj/n/n/10/d5 X\LUC/nanummj/n/n/10/c9 ¿ \LUC/nanummj/n/n/10/b9 »\LUC/nanummj/
n/n/10/c2 Ì‹\LUC/nanummj/n/n/10/c6 $\T1/times/n/n/10 . \LUC/nanummj/n/n/10/b3 ^
^@
 []


LaTeX Font Warning: Font shape `T1/times/m/sc' undefined
(Font)              using `T1/times/m/n' instead on input line 46.

) (./sections/02_units.tex

<figures/fig1.png, id=63, 249.3315pt x 189.22694pt>
File: figures/fig1.png Graphic file (type png)
<use figures/fig1.png>
Package pdftex.def Info: figures/fig1.png  used on input line 8.
(pdftex.def)             Requested size: 249.33087pt x 189.22647pt.
File: figures/fig1.png Graphic file (type png)
<use figures/fig1.png>
Package pdftex.def Info: figures/fig1.png  used on input line 8.
(pdftex.def)             Requested size: 249.33087pt x 189.22647pt.
LaTeX Font Info:    Trying to load font information for LUC+nanumgt on input li
ne 8.
(c:/texlive/2025/texmf-dist/tex/latex/nanumtype1/lucnanumgt.fd
File: lucnanumgt.fd 2013/02/12 v0.1 Nanum Gothic font definitions
))
(./sections/03_mistakes.tex) (./sections/04_guidelines.tex
Underfull \hbox (badness 10000) in paragraph at lines 8--1
\LUC/nanummj/n/n/10/c2 µ\LUC/nanummj/n/n/10/b2 »‰\T1/times/m/sc/10 .
 []



<figures/notaglinelogo.png, id=64, 169.38281pt x 42.91031pt>
File: figures/notaglinelogo.png Graphic file (type png)
<use figures/notaglinelogo.png>
Package pdftex.def Info: figures/notaglinelogo.png  used on input line 9.
(pdftex.def)             Requested size: 91.32pt x 23.1352pt.

LaTeX Font Warning: Font shape `T1/formata/m/sl' undefined
(Font)              using `T1/formata/m/it' instead on input line 9.


Overfull \hbox (505.12177pt too wide) has occurred while \output is active
[]
 []


Overfull \hbox (505.12177pt too wide) has occurred while \output is active
[]
 []


Underfull \hbox (badness 10000) has occurred while \output is active
[]
 []

[2{c:/texlive/2025/texmf-dist/fonts/enc/dvips/base/8r.enc} <./figures/notagline
logo.png> <./figures/equation3.png>]
Overfull \hbox (14.32645pt too wide) in paragraph at lines 23--82
[][]
 []




Underfull \hbox (badness 2884) in paragraph at lines 95--96
\LUC/nanummj/n/n/10/b8 \ \T1/times/m/sc/10 1.25\LUC/nanummj/n/n/10/c7 x\LUC/nan
ummj/n/n/10/ce X\T1/times/m/sc/10 (25.4\LUC/nanummj/n/n/10/bc ^^@\LUC/nanummj/n
/n/10/b9 ¨\LUC/nanummj/n/n/10/bb ¯\LUC/nanummj/n/n/10/d1 0$ \OMS/cmsy/m/n/10 ^^
B $\T1/times/m/sc/10 31.75\LUC/nanummj/n/n/10/bc ^^@\LUC/nanummj/n/n/10/b9 ¨\LU
C/nanummj/n/n/10/bb ¯\LUC/nanummj/n/n/10/d1 0\T1/times/m/sc/10 /6\LUC/nanummj/n
/n/10/d3 ^^L\LUC/nanummj/n/n/10/c7 t\LUC/nanummj/n/n/10/ce t$ \OMS/cmsy/m/n/10 
^^B $\T1/times/m/sc/10 7.5
 []




LaTeX Font Warning: Font shape `T1/formata/m/sl' undefined
(Font)              using `T1/formata/m/it' instead on input line 96.

File: figures/notaglinelogo.png Graphic file (type png)
<use figures/notaglinelogo.png>
Package pdftex.def Info: figures/notaglinelogo.png  used on input line 96.
(pdftex.def)             Requested size: 91.32pt x 23.1352pt.

Overfull \hbox (505.12177pt too wide) has occurred while \output is active
[]
 []


Overfull \hbox (505.12177pt too wide) has occurred while \output is active
[]
 []


Underfull \hbox (badness 10000) has occurred while \output is active
[]
 []

[3 <./figures/fig1.png (PNG copy)>]

) (./sections/05_conclusion.tex

File: figures/notaglinelogo.png Graphic file (type png)
<use figures/notaglinelogo.png>
Package pdftex.def Info: figures/notaglinelogo.png  used on input line 3.
(pdftex.def)             Requested size: 91.32pt x 23.1352pt.

LaTeX Font Warning: Font shape `T1/formata/m/sl' undefined
(Font)              using `T1/formata/m/it' instead on input line 3.


Overfull \hbox (505.12177pt too wide) has occurred while \output is active
[]
 []


Overfull \hbox (505.12177pt too wide) has occurred while \output is active
[]
 []


Underfull \hbox (badness 10000) has occurred while \output is active
[]
 []

[4]) (./sections/06_appendices.tex) (./sections/07_submission.tex
Underfull \hbox (badness 4967) in paragraph at lines 9--10
\T1/times/m/sc/10 IEEE Ac-cess\LUC/nanummj/n/n/10/c5 – \LUC/nanummj/n/n/10/b3 ^
^@\LUC/nanummj/n/n/10/d5 \ \LUC/nanummj/n/n/10/b1 |\LUC/nanummj/n/n/10/bb 8 \LU
C/nanummj/n/n/10/ae 0\LUC/nanummj/n/n/10/ac ‡\LUC/nanummj/n/n/10/b2 î \T1/times
/m/sc/10 IEEE Au-thor Por-
 []


Underfull \hbox (badness 10000) in paragraph at lines 9--10
\T1/times/m/sc/10 tal\LUC/nanummj/n/n/10/c5 –\LUC/nanummj/n/n/10/c1 ^^\ \LUC/na
nummj/n/n/10/c8 ^^D\LUC/nanummj/n/n/10/c7 ê\LUC/nanummj/n/n/10/c8 ^^A\LUC/nanum
mj/n/n/10/c7 <\LUC/nanummj/n/n/10/b8 \ \LUC/nanummj/n/n/10/c8 ^^\\LUC/nanummj/n
/n/10/cd ú\LUC/nanummj/n/n/10/d5 t\LUC/nanummj/n/n/10/c5 | \LUC/nanummj/n/n/10/
d5 i\LUC/nanummj/n/n/10/b2 »‰\T1/times/m/sc/10 . \LUC/nanummj/n/n/10/c7 ê\LUC/n
anummj/n/n/10/c1 8\LUC/nanummj/n/n/10/d5 \ \LUC/nanummj/n/n/10/b0 ¥\LUC/nanummj
/n/n/10/c6 ©\LUC/nanummj/n/n/10/c7 @
 []

) (./sections/08_policy.tex
Underfull \hbox (badness 6141) in paragraph at lines 21--1
\LUC/nanummj/n/n/10/c8 ^^@\LUC/nanummj/n/n/10/c7 ê\LUC/nanummj/n/n/10/b2 î \LUC
/nanummj/n/n/10/cd \\LUC/nanummj/n/n/10/c8 Ö \LUC/nanummj/n/n/10/c6 –\LUC/nanum
mj/n/n/10/ac ‡ \LUC/nanummj/n/n/10/d3 ^^L\LUC/nanummj/n/n/10/c7 |D \LUC/nanummj
/n/n/10/c8 ^^\\LUC/nanummj/n/n/10/cd ú\LUC/nanummj/n/n/10/d5 ` \LUC/nanummj/n/n
/10/b5 L \LUC/nanummj/n/n/10/c8 ^^D\LUC/nanummj/n/n/10/c7 ê \T1/times/m/sc/10 I
EEE \LUC/nanummj/n/n/10/c8 ^^@
 []


Underfull \hbox (badness 6910) in paragraph at lines 21--1
\LUC/nanummj/n/n/10/c7 ë\LUC/nanummj/n/n/10/ad å \LUC/nanummj/n/n/10/c5 ë\LUC/n
anummj/n/n/10/c2 ›\T1/times/m/sc/10 (eCF)\LUC/nanummj/n/n/10/c7 D \LUC/nanummj/
n/n/10/c8 ^^\\LUC/nanummj/n/n/10/cd ú\LUC/nanummj/n/n/10/d5 t\LUC/nanummj/n/n/1
0/c5 | \LUC/nanummj/n/n/10/d5 i\LUC/nanummj/n/n/10/b2 »‰\T1/times/m/sc/10 . \LU
C/nanummj/n/n/10/c6 –\LUC/nanummj/n/n/10/ac ‡ \LUC/nanummj/n/n/10/c8 ^^\\LUC/na
nummj/n/n/10/cd ú \LUC/nanummj/n/n/10/c2 ‹§
 []


Underfull \hbox (badness 10000) in paragraph at lines 21--1
\LUC/nanummj/n/n/10/d1 \\LUC/nanummj/n/n/10/c7 t\LUC/nanummj/n/n/10/b0 ò \T1/ti
mes/m/sc/10 Au-thor Gate-way\LUC/nanummj/n/n/10/b9 | \LUC/nanummj/n/n/10/d1 µ\L
UC/nanummj/n/n/10/d5 t \T1/times/m/sc/10 eCF \LUC/nanummj/n/n/10/c2 ‹§\LUC/nanu
mmj/n/n/10/d1 \\LUC/nanummj/n/n/10/c5 – a\LUC/nanummj/n/n/10/c1 8
 []


Underfull \hbox (badness 10000) in paragraph at lines 21--1
\LUC/nanummj/n/n/10/c2 §\LUC/nanummj/n/n/10/d5 ` \LUC/nanummj/n/n/10/c2 ^^X \LU
C/nanummj/n/n/10/c7 à\LUC/nanummj/n/n/10/c2 µ\LUC/nanummj/n/n/10/b2 »‰\T1/times
/m/sc/10 . \LUC/nanummj/n/n/10/d5 D\LUC/nanummj/n/n/10/c6 î\LUC/nanummj/n/n/10/
d5 \ \LUC/nanummj/n/n/10/c2 π\LUC/nanummj/n/n/10/c7 x \LUC/nanummj/n/n/10/bc ^^
O\T1/times/m/sc/10 /\LUC/nanummj/n/n/10/b6 ^^P\LUC/nanummj/n/n/10/b2 î \LUC/nan
ummj/n/n/10/bc Ù\LUC/nanummj/n/n/10/c5 H \LUC/nanummj/n/n/10/d5 »\LUC/nanummj/n
/n/10/ac ^^@
 []


Underfull \hbox (badness 5175) in paragraph at lines 21--1
\LUC/nanummj/n/n/10/b9 | \LUC/nanummj/n/n/10/bc ^^[\LUC/nanummj/n/n/10/b2 î \LU
C/nanummj/n/n/10/ac É\LUC/nanummj/n/n/10/c7 @ \LUC/nanummj/n/n/10/ad ¿\LUC/nanu
mmj/n/n/10/d5 X\LUC/nanummj/n/n/10/c7 X \LUC/nanummj/n/n/10/cc E\LUC/nanummj/n/
n/10/c7 ÑÖ\LUC/nanummj/n/n/10/b2 »‰\T1/times/m/sc/10 . \LUC/nanummj/n/n/10/c9 ¿
\LUC/nanummj/n/n/10/c8 ^^A \LUC/nanummj/n/n/10/c7 ¨\LUC/nanummj/n/n/10/c0 ∞\LUC
/nanummj/n/n/10/ad å\LUC/nanummj/n/n/10/c5 – \LUC/nanummj/n/n/10/b3 ^^@
 []


Underfull \hbox (badness 6141) in paragraph at lines 21--1
\LUC/nanummj/n/n/10/d5 \ \LUC/nanummj/n/n/10/c7 ê\LUC/nanummj/n/n/10/c1 8\LUC/n
anummj/n/n/10/d5 \ \LUC/nanummj/n/n/10/b0 ¥\LUC/nanummj/n/n/10/c6 ©\LUC/nanummj
/n/n/10/c7 @ \T1/times/m/sc/10 IEEE \LUC/nanummj/n/n/10/c9 ¿\LUC/nanummj/n/n/10
/c8 ^^A \LUC/nanummj/n/n/10/c7 ¨\LUC/nanummj/n/n/10/c0 ∞\LUC/nanummj/n/n/10/ad 
å \LUC/nanummj/n/n/10/bd Ä\LUC/nanummj/n/n/10/c1 ^^\ \LUC/nanummj/n/n/10/c6 ˘ \
LUC/nanummj/n/n/10/d3 ò\LUC/nanummj/n/n/10/c7 t
 []


Underfull \hbox (badness 10000) in paragraph at lines 21--1
\LUC/nanummj/n/n/10/c9 ¿\T1/times/m/sc/10 ($[]$
 []



) (./sections/09_principles.tex) (./sections/10_references.tex

LaTeX Font Warning: Font shape `LUC/nanummj/n/it' undefined
(Font)              using `LUC/nanummj/n/n' instead on input line 5.


LaTeX Warning: Citation `b1' on page 5 undefined on input line 7.


LaTeX Warning: Citation `b2' on page 5 undefined on input line 7.




LaTeX Font Warning: Font shape `T1/formata/m/sl' undefined
(Font)              using `T1/formata/m/it' instead on input line 8.

File: figures/notaglinelogo.png Graphic file (type png)
<use figures/notaglinelogo.png>
Package pdftex.def Info: figures/notaglinelogo.png  used on input line 8.
(pdftex.def)             Requested size: 91.32pt x 23.1352pt.

Overfull \hbox (505.12177pt too wide) has occurred while \output is active
[]
 []


Overfull \hbox (505.12177pt too wide) has occurred while \output is active
[]
 []


Underfull \hbox (badness 10000) has occurred while \output is active
[]
 []

[5]

LaTeX Warning: Citation `b3' on page 6 undefined on input line 11.


LaTeX Warning: Citation `b5' on page 6 undefined on input line 11.


LaTeX Warning: Citation `b6' on page 6 undefined on input line 15.


LaTeX Warning: Citation `b7' on page 6 undefined on input line 15.


LaTeX Warning: Citation `b8' on page 6 undefined on input line 19.


LaTeX Warning: Citation `b9' on page 6 undefined on input line 19.


LaTeX Warning: Citation `b10' on page 6 undefined on input line 26.


LaTeX Warning: Citation `b13' on page 6 undefined on input line 26.


LaTeX Warning: Citation `b14' on page 6 undefined on input line 30.


LaTeX Warning: Citation `b16' on page 6 undefined on input line 30.


Underfull \hbox (badness 3386) in paragraph at lines 28--31
\T1/times/m/sc/10 J. K. Au-thor, ``Name of pa-per,'' \T1/times/m/it/10 Ab-brev.
 Ti-tle of
 []


Underfull \hbox (badness 10000) in paragraph at lines 28--31
\T1/times/m/it/10 Pe-ri-od-i-cal\T1/times/m/sc/10 , vol. $\T1/times/m/it/10 x$\
T1/times/m/sc/10 , no. $\T1/times/m/it/10 x$\T1/times/m/sc/10 , pp. \T1/times/m
/it/10 xxx--xxx\T1/times/m/sc/10 , Ab-brev.
 []


LaTeX Warning: Citation `b17' on page 6 undefined on input line 34.


Underfull \hbox (badness 2393) in paragraph at lines 32--35
\T1/times/m/sc/10 J.K. Au-thor. (year, month). Ti-tle. pre-sented at ab-
 []


LaTeX Warning: Citation `b18' on page 6 undefined on input line 38.


LaTeX Warning: Citation `b19' on page 6 undefined on input line 38.


LaTeX Warning: Citation `b20' on page 6 undefined on input line 42.


LaTeX Warning: Citation `b21' on page 6 undefined on input line 46.


Underfull \hbox (badness 1609) in paragraph at lines 44--47
\T1/times/m/sc/10 day). Patent Num-ber [Type of medium]. Avail-able:
 []


LaTeX Warning: Citation `b22' on page 6 undefined on input line 50.


Underfull \vbox (badness 10000) has occurred while \output is active []




LaTeX Warning: Citation `b23' on page 6 undefined on input line 53.


LaTeX Warning: Citation `b24' on page 6 undefined on input line 57.


LaTeX Warning: Citation `b25' on page 6 undefined on input line 64.


LaTeX Warning: Citation `b26' on page 6 undefined on input line 64.


Underfull \hbox (badness 2435) in paragraph at lines 68--69
[]\T1/times/m/sc/10 J. K. Au-thor, pri-vate com-mu-ni-ca-tion, Ab-brev.
 []


LaTeX Warning: Citation `b27' on page 6 undefined on input line 72.


LaTeX Warning: Citation `b29' on page 6 undefined on input line 72.


LaTeX Warning: Citation `b30' on page 6 undefined on input line 79.


LaTeX Warning: Citation `b31' on page 6 undefined on input line 79.


LaTeX Warning: Citation `b32' on page 6 undefined on input line 82.


LaTeX Warning: Citation `b33' on page 6 undefined on input line 82.


LaTeX Warning: Citation `b34' on page 6 undefined on input line 85.

LaTeX Font Info:    Calculating math sizes for size <7.61> on input line 96.

Underfull \hbox (badness 5578) in paragraph at lines 98--99
[]\T1/times/n/n/7.61 W.-K. Chen, \T1/times/n/it/7.61 Lin-ear Net-works and Sys-
tems. \T1/times/n/n/7.61 Bel-mont, CA, USA:
 []



File: figures/notaglinelogo.png Graphic file (type png)
<use figures/notaglinelogo.png>
Package pdftex.def Info: figures/notaglinelogo.png  used on input line 109.
(pdftex.def)             Requested size: 91.32pt x 23.1352pt.

LaTeX Font Warning: Font shape `T1/formata/m/sl' undefined
(Font)              using `T1/formata/m/it' instead on input line 109.


Overfull \hbox (505.12177pt too wide) has occurred while \output is active
[]
 []


Overfull \hbox (505.12177pt too wide) has occurred while \output is active
[]
 []


Underfull \hbox (badness 10000) has occurred while \output is active
[]
 []

[6]
Underfull \hbox (badness 2951) in paragraph at lines 114--119
[]\T1/times/m/n/7.61 G. O. Young, ``Syn-thetic struc-ture of in-dus-trial plas-
tics,'' in Plas-
 []


Underfull \hbox (badness 1968) in paragraph at lines 120--123
\T1/times/m/n/7.61 Chicago, IL, USA: Univ. Chicago Press, 1987. [On-line]. Avai
l-able:
 []


Underfull \hbox (badness 10000) in paragraph at lines 139--143
[]\T1/times/m/n/7.61 PROCESS Cor-po-ra-tion, Boston, MA, USA. In-tranets: In-te
r-net
 []


Underfull \hbox (badness 1371) in paragraph at lines 139--143
\T1/times/m/n/7.61 tech-nolo-gies de-ployed be-hind the fire-wall for cor-po-ra
te pro-duc-tiv-ity.
 []


Underfull \hbox (badness 10000) in paragraph at lines 139--143
\T1/times/m/n/7.61 Pre-sented at INET96 An-nual Meet-ing. [On-line]. Avail-able
:
 []


Underfull \hbox (badness 10000) in paragraph at lines 146--149
[]\T1/times/m/n/7.61 Teralyzer. Lytera UG, Kirch-hain, Ger-many [On-line]. Avai
l-able:
 []


Underfull \hbox (badness 10000) in paragraph at lines 146--149
[]$\T1/times/m/n/7.61 ,
 []

) (./sections/11_biography.tex

<figures/author1.png, id=116, 225.84375pt x 282.30469pt>
File: figures/author1.png Graphic file (type png)
<use figures/author1.png>
Package pdftex.def Info: figures/author1.png  used on input line 1.
(pdftex.def)             Requested size: 72.27147pt x 90.33934pt.
File: figures/author1.png Graphic file (type png)
<use figures/author1.png>
Package pdftex.def Info: figures/author1.png  used on input line 1.
(pdftex.def)             Requested size: 72.27147pt x 90.33934pt.
<figures/author2.png, id=119, 225.84375pt x 282.30469pt>
File: figures/author2.png Graphic file (type png)
<use figures/author2.png>
Package pdftex.def Info: figures/author2.png  used on input line 8.
(pdftex.def)             Requested size: 72.27147pt x 90.33934pt.
File: figures/author2.png Graphic file (type png)
<use figures/author2.png>
Package pdftex.def Info: figures/author2.png  used on input line 8.
(pdftex.def)             Requested size: 72.27147pt x 90.33934pt.



LaTeX Font Warning: Font shape `T1/formata/m/sl' undefined
(Font)              using `T1/formata/m/it' instead on input line 15.

File: figures/notaglinelogo.png Graphic file (type png)
<use figures/notaglinelogo.png>
Package pdftex.def Info: figures/notaglinelogo.png  used on input line 15.
(pdftex.def)             Requested size: 91.32pt x 23.1352pt.

Overfull \hbox (505.12177pt too wide) has occurred while \output is active
[]
 []


Overfull \hbox (505.12177pt too wide) has occurred while \output is active
[]
 []


Underfull \hbox (badness 10000) has occurred while \output is active
[]
 []

[7 <./figures/author1.png> <./figures/author2.png>])
File: figures/bullet.png Graphic file (type png)
<use figures/bullet.png>
Package pdftex.def Info: figures/bullet.png  used on input line 80.
(pdftex.def)             Requested size: 5.0pt x 14.6871pt.




File: figures/notaglinelogo.png Graphic file (type png)
<use figures/notaglinelogo.png>
Package pdftex.def Info: figures/notaglinelogo.png  used on input line 82.
(pdftex.def)             Requested size: 91.32pt x 23.1352pt.

LaTeX Font Warning: Font shape `T1/formata/m/sl' undefined
(Font)              using `T1/formata/m/it' instead on input line 82.


Overfull \hbox (505.12177pt too wide) has occurred while \output is active
[]
 []


Overfull \hbox (505.12177pt too wide) has occurred while \output is active
[]
 []


Underfull \hbox (badness 10000) has occurred while \output is active
[]
 []

[8

] (./access.aux)
 ***********
LaTeX2e <2025-06-01> patch level 1
L3 programming layer <2025-09-02>
 ***********


LaTeX Font Warning: Some font shapes were not available, defaults substituted.


LaTeX Warning: There were undefined references.


LaTeX Warning: Label(s) may have changed. Rerun to get cross-references right.

 ) 
Here is how much of TeX's memory you used:
 5540 strings out of 467748
 88911 string characters out of 5431137
 512772 words of memory out of 5000000
 34007 multiletter control sequences out of 15000+600000
 748254 words of font info for 288 fonts, out of 8000000 for 9000
 1141 hyphenation exceptions out of 8191
 72i,14n,79p,1201b,528s stack positions out of 10000i,1000n,20000p,200000b,200000s
<c:/texlive/2025/texmf-dist/fonts/type1/public/amsfonts/cm/cmex10.pfb><c:/tex
live/2025/texmf-dist/fonts/type1/public/amsfonts/cm/cmmi10.pfb><c:/texlive/2025
/texmf-dist/fonts/type1/public/amsfonts/cm/cmmi6.pfb><c:/texlive/2025/texmf-dis
t/fonts/type1/public/amsfonts/cm/cmmi7.pfb><c:/texlive/2025/texmf-dist/fonts/ty
pe1/public/amsfonts/cm/cmmi8.pfb><c:/texlive/2025/texmf-dist/fonts/type1/public
/amsfonts/cm/cmr10.pfb><c:/texlive/2025/texmf-dist/fonts/type1/public/amsfonts/
cm/cmr5.pfb><c:/texlive/2025/texmf-dist/fonts/type1/public/amsfonts/cm/cmr6.pfb
><c:/texlive/2025/texmf-dist/fonts/type1/public/amsfonts/cm/cmr7.pfb><c:/texliv
e/2025/texmf-dist/fonts/type1/public/amsfonts/cm/cmr8.pfb><c:/texlive/2025/texm
f-dist/fonts/type1/public/amsfonts/cm/cmsy10.pfb><c:/texlive/2025/texmf-dist/fo
nts/type1/public/amsfonts/cm/cmsy6.pfb><c:/texlive/2025/texmf-dist/fonts/type1/
public/amsfonts/cm/cmsy7.pfb><c:/texlive/2025/texmf-dist/fonts/type1/public/ams
fonts/cm/cmsy8.pfb><c:/texlive/2025/texmf-dist/fonts/type1/public/amsfonts/symb
ols/msam10.pfb><c:/texlive/2025/texmf-dist/fonts/type1/public/nanumtype1/nanumg
tmac.pfb><c:/texlive/2025/texmf-dist/fonts/type1/public/nanumtype1/nanumgtmad.p
fb><c:/texlive/2025/texmf-dist/fonts/type1/public/nanumtype1/nanumgtmae.pfb><c:
/texlive/2025/texmf-dist/fonts/type1/public/nanumtype1/nanumgtmb2.pfb><c:/texli
ve/2025/texmf-dist/fonts/type1/public/nanumtype1/nanumgtmb4.pfb><c:/texlive/202
5/texmf-dist/fonts/type1/public/nanumtype1/nanumgtmb8.pfb><c:/texlive/2025/texm
f-dist/fonts/type1/public/nanumtype1/nanumgtmb9.pfb><c:/texlive/2025/texmf-dist
/fonts/type1/public/nanumtype1/nanumgtmba.pfb><c:/texlive/2025/texmf-dist/fonts
/type1/public/nanumtype1/nanumgtmc1.pfb><c:/texlive/2025/texmf-dist/fonts/type1
/public/nanumtype1/nanumgtmc2.pfb><c:/texlive/2025/texmf-dist/fonts/type1/publi
c/nanumtype1/nanumgtmc5.pfb><c:/texlive/2025/texmf-dist/fonts/type1/public/nanu
mtype1/nanumgtmc6.pfb><c:/texlive/2025/texmf-dist/fonts/type1/public/nanumtype1
/nanumgtmc7.pfb><c:/texlive/2025/texmf-dist/fonts/type1/public/nanumtype1/nanum
gtmc8.pfb><c:/texlive/2025/texmf-dist/fonts/type1/public/nanumtype1/nanumgtmc9.
pfb><c:/texlive/2025/texmf-dist/fonts/type1/public/nanumtype1/nanumgtmce.pfb><c
:/texlive/2025/texmf-dist/fonts/type1/public/nanumtype1/nanumgtmd2.pfb><c:/texl
ive/2025/texmf-dist/fonts/type1/public/nanumtype1/nanumgtmd5.pfb><c:/texlive/20
25/texmf-dist/fonts/type1/public/nanumtype1/nanumgtmd6.pfb><c:/texlive/2025/tex
mf-dist/fonts/type1/public/nanumtype1/nanummjmac.pfb><c:/texlive/2025/texmf-dis
t/fonts/type1/public/nanumtype1/nanummjmad.pfb><c:/texlive/2025/texmf-dist/font
s/type1/public/nanumtype1/nanummjmae.pfb><c:/texlive/2025/texmf-dist/fonts/type
1/public/nanumtype1/nanummjmaf.pfb><c:/texlive/2025/texmf-dist/fonts/type1/publ
ic/nanumtype1/nanummjmb0.pfb><c:/texlive/2025/texmf-dist/fonts/type1/public/nan
umtype1/nanummjmb1.pfb><c:/texlive/2025/texmf-dist/fonts/type1/public/nanumtype
1/nanummjmb2.pfb><c:/texlive/2025/texmf-dist/fonts/type1/public/nanumtype1/nanu
mmjmb3.pfb><c:/texlive/2025/texmf-dist/fonts/type1/public/nanumtype1/nanummjmb4
.pfb><c:/texlive/2025/texmf-dist/fonts/type1/public/nanumtype1/nanummjmb5.pfb><
c:/texlive/2025/texmf-dist/fonts/type1/public/nanumtype1/nanummjmb6.pfb><c:/tex
live/2025/texmf-dist/fonts/type1/public/nanumtype1/nanummjmb7.pfb><c:/texlive/2
025/texmf-dist/fonts/type1/public/nanumtype1/nanummjmb8.pfb><c:/texlive/2025/te
xmf-dist/fonts/type1/public/nanumtype1/nanummjmb9.pfb><c:/texlive/2025/texmf-di
st/fonts/type1/public/nanumtype1/nanummjmba.pfb><c:/texlive/2025/texmf-dist/fon
ts/type1/public/nanumtype1/nanummjmbb.pfb><c:/texlive/2025/texmf-dist/fonts/typ
e1/public/nanumtype1/nanummjmbc.pfb><c:/texlive/2025/texmf-dist/fonts/type1/pub
lic/nanumtype1/nanummjmbd.pfb><c:/texlive/2025/texmf-dist/fonts/type1/public/na
numtype1/nanummjmbe.pfb><c:/texlive/2025/texmf-dist/fonts/type1/public/nanumtyp
e1/nanummjmc0.pfb><c:/texlive/2025/texmf-dist/fonts/type1/public/nanumtype1/nan
ummjmc1.pfb><c:/texlive/2025/texmf-dist/fonts/type1/public/nanumtype1/nanummjmc
2.pfb><c:/texlive/2025/texmf-dist/fonts/type1/public/nanumtype1/nanummjmc3.pfb>
<c:/texlive/2025/texmf-dist/fonts/type1/public/nanumtype1/nanummjmc4.pfb><c:/te
xlive/2025/texmf-dist/fonts/type1/public/nanumtype1/nanummjmc5.pfb><c:/texlive/
2025/texmf-dist/fonts/type1/public/nanumtype1/nanummjmc6.pfb><c:/texlive/2025/t
exmf-dist/fonts/type1/public/nanumtype1/nanummjmc7.pfb><c:/texlive/2025/texmf-d
ist/fonts/type1/public/nanumtype1/nanummjmc8.pfb><c:/texlive/2025/texmf-dist/fo
nts/type1/public/nanumtype1/nanummjmc9.pfb><c:/texlive/2025/texmf-dist/fonts/ty
pe1/public/nanumtype1/nanummjmca.pfb><c:/texlive/2025/texmf-dist/fonts/type1/pu
blic/nanumtype1/nanummjmcc.pfb><c:/texlive/2025/texmf-dist/fonts/type1/public/n
anumtype1/nanummjmcd.pfb><c:/texlive/2025/texmf-dist/fonts/type1/public/nanumty
pe1/nanummjmce.pfb><c:/texlive/2025/texmf-dist/fonts/type1/public/nanumtype1/na
nummjmcf.pfb><c:/texlive/2025/texmf-dist/fonts/type1/public/nanumtype1/nanummjm
d0.pfb><c:/texlive/2025/texmf-dist/fonts/type1/public/nanumtype1/nanummjmd1.pfb
><c:/texlive/2025/texmf-dist/fonts/type1/public/nanumtype1/nanummjmd2.pfb><c:/t
exlive/2025/texmf-dist/fonts/type1/public/nanumtype1/nanummjmd3.pfb><c:/texlive
/2025/texmf-dist/fonts/type1/public/nanumtype1/nanummjmd4.pfb><c:/texlive/2025/
texmf-dist/fonts/type1/public/nanumtype1/nanummjmd5.pfb><c:/texlive/2025/texmf-
dist/fonts/type1/public/nanumtype1/nanummjmd6.pfb><c:/texlive/2025/texmf-dist/f
onts/type1/public/nanumtype1/nanummjmd7.pfb><c:/Users/yskim/Project/PIFI_PAPER/
fonts/t1-formata-bold.pfb><c:/Users/yskim/Project/PIFI_PAPER/fonts/t1-formata-c
ondmedium.pfb><c:/Users/yskim/Project/PIFI_PAPER/fonts/t1-formata-medium.pfb><c
:/Users/yskim/Project/PIFI_PAPER/fonts/t1-formata-mediumitalic.pfb><c:/Users/ys
kim/Project/PIFI_PAPER/fonts/t1-formata-regular.pfb><c:/Users/yskim/Project/PIF
I_PAPER/fonts/t1-giovannistd-bookitalic.pfb><c:/Users/yskim/Project/PIFI_PAPER/
fonts/t1-times-bold.pfb><c:/Users/yskim/Project/PIFI_PAPER/fonts/t1-times-itali
c.pfb><c:/Users/yskim/Project/PIFI_PAPER/fonts/t1-times.pfb><c:/texlive/2025/te
xmf-dist/fonts/type1/urw/courier/ucrr8a.pfb>
Output written on access.pdf (8 pages, 3129275 bytes).
PDF statistics:
 483 PDF objects out of 1000 (max. 8388607)
 284 compressed objects within 3 object streams
 0 named destinations out of 1000 (max. 500000)
 68 words of extra memory for PDF output out of 10000 (max. 10000000)

